[2024-12-04 03:33:41] local.ERROR: There are no commands defined in the "users" namespace. {"exception":"[object] (Symfony\\Component\\Console\\Exception\\NamespaceNotFoundException(code: 0): There are no commands defined in the \"users\" namespace. at C:\\Users\\Aasif\\Desktop\\Negociosgen\\vendor\\symfony\\console\\Application.php:669)
[stacktrace]
#0 C:\\Users\\Aasif\\Desktop\\Negociosgen\\vendor\\symfony\\console\\Application.php(720): Symfony\\Component\\Console\\Application->findNamespace('users')
#1 C:\\Users\\Aasif\\Desktop\\Negociosgen\\vendor\\symfony\\console\\Application.php(266): Symfony\\Component\\Console\\Application->find('users:check-act...')
#2 C:\\Users\\Aasif\\Desktop\\Negociosgen\\vendor\\symfony\\console\\Application.php(175): Symfony\\Component\\Console\\Application->doRun(Object(Symfony\\Component\\Console\\Input\\ArgvInput), Object(Symfony\\Component\\Console\\Output\\ConsoleOutput))
#3 C:\\Users\\Aasif\\Desktop\\Negociosgen\\vendor\\laravel\\framework\\src\\Illuminate\\Console\\Application.php(102): Symfony\\Component\\Console\\Application->run(Object(Symfony\\Component\\Console\\Input\\ArgvInput), Object(Symfony\\Component\\Console\\Output\\ConsoleOutput))
#4 C:\\Users\\Aasif\\Desktop\\Negociosgen\\vendor\\laravel\\framework\\src\\Illuminate\\Foundation\\Console\\Kernel.php(155): Illuminate\\Console\\Application->run(Object(Symfony\\Component\\Console\\Input\\ArgvInput), Object(Symfony\\Component\\Console\\Output\\ConsoleOutput))
#5 C:\\Users\\Aasif\\Desktop\\Negociosgen\\artisan(35): Illuminate\\Foundation\\Console\\Kernel->handle(Object(Symfony\\Component\\Console\\Input\\ArgvInput), Object(Symfony\\Component\\Console\\Output\\ConsoleOutput))
#6 {main}
"} 
[2024-12-04 03:35:20] local.ERROR: There are no commands defined in the "users" namespace. {"exception":"[object] (Symfony\\Component\\Console\\Exception\\NamespaceNotFoundException(code: 0): There are no commands defined in the \"users\" namespace. at C:\\Users\\Aasif\\Desktop\\Negociosgen\\vendor\\symfony\\console\\Application.php:669)
[stacktrace]
#0 C:\\Users\\Aasif\\Desktop\\Negociosgen\\vendor\\symfony\\console\\Application.php(720): Symfony\\Component\\Console\\Application->findNamespace('users')
#1 C:\\Users\\Aasif\\Desktop\\Negociosgen\\vendor\\symfony\\console\\Application.php(266): Symfony\\Component\\Console\\Application->find('users:check-act...')
#2 C:\\Users\\Aasif\\Desktop\\Negociosgen\\vendor\\symfony\\console\\Application.php(175): Symfony\\Component\\Console\\Application->doRun(Object(Symfony\\Component\\Console\\Input\\ArgvInput), Object(Symfony\\Component\\Console\\Output\\ConsoleOutput))
#3 C:\\Users\\Aasif\\Desktop\\Negociosgen\\vendor\\laravel\\framework\\src\\Illuminate\\Console\\Application.php(102): Symfony\\Component\\Console\\Application->run(Object(Symfony\\Component\\Console\\Input\\ArgvInput), Object(Symfony\\Component\\Console\\Output\\ConsoleOutput))
#4 C:\\Users\\Aasif\\Desktop\\Negociosgen\\vendor\\laravel\\framework\\src\\Illuminate\\Foundation\\Console\\Kernel.php(155): Illuminate\\Console\\Application->run(Object(Symfony\\Component\\Console\\Input\\ArgvInput), Object(Symfony\\Component\\Console\\Output\\ConsoleOutput))
#5 C:\\Users\\Aasif\\Desktop\\Negociosgen\\artisan(35): Illuminate\\Foundation\\Console\\Kernel->handle(Object(Symfony\\Component\\Console\\Input\\ArgvInput), Object(Symfony\\Component\\Console\\Output\\ConsoleOutput))
#6 {main}
"} 
[2024-12-04 03:36:50] local.ERROR: There are no commands defined in the "usuarios" namespace. {"exception":"[object] (Symfony\\Component\\Console\\Exception\\NamespaceNotFoundException(code: 0): There are no commands defined in the \"usuarios\" namespace. at C:\\Users\\Aasif\\Desktop\\Negociosgen\\vendor\\symfony\\console\\Application.php:669)
[stacktrace]
#0 C:\\Users\\Aasif\\Desktop\\Negociosgen\\vendor\\symfony\\console\\Application.php(720): Symfony\\Component\\Console\\Application->findNamespace('usuarios')
#1 C:\\Users\\Aasif\\Desktop\\Negociosgen\\vendor\\symfony\\console\\Application.php(266): Symfony\\Component\\Console\\Application->find('usuarios:verifi...')
#2 C:\\Users\\Aasif\\Desktop\\Negociosgen\\vendor\\symfony\\console\\Application.php(175): Symfony\\Component\\Console\\Application->doRun(Object(Symfony\\Component\\Console\\Input\\ArgvInput), Object(Symfony\\Component\\Console\\Output\\ConsoleOutput))
#3 C:\\Users\\Aasif\\Desktop\\Negociosgen\\vendor\\laravel\\framework\\src\\Illuminate\\Console\\Application.php(102): Symfony\\Component\\Console\\Application->run(Object(Symfony\\Component\\Console\\Input\\ArgvInput), Object(Symfony\\Component\\Console\\Output\\ConsoleOutput))
#4 C:\\Users\\Aasif\\Desktop\\Negociosgen\\vendor\\laravel\\framework\\src\\Illuminate\\Foundation\\Console\\Kernel.php(155): Illuminate\\Console\\Application->run(Object(Symfony\\Component\\Console\\Input\\ArgvInput), Object(Symfony\\Component\\Console\\Output\\ConsoleOutput))
#5 C:\\Users\\Aasif\\Desktop\\Negociosgen\\artisan(35): Illuminate\\Foundation\\Console\\Kernel->handle(Object(Symfony\\Component\\Console\\Input\\ArgvInput), Object(Symfony\\Component\\Console\\Output\\ConsoleOutput))
#6 {main}
"} 
[2024-12-04 03:37:08] local.ERROR: There are no commands defined in the "usuarios" namespace. {"exception":"[object] (Symfony\\Component\\Console\\Exception\\NamespaceNotFoundException(code: 0): There are no commands defined in the \"usuarios\" namespace. at C:\\Users\\Aasif\\Desktop\\Negociosgen\\vendor\\symfony\\console\\Application.php:669)
[stacktrace]
#0 C:\\Users\\Aasif\\Desktop\\Negociosgen\\vendor\\symfony\\console\\Application.php(720): Symfony\\Component\\Console\\Application->findNamespace('usuarios')
#1 C:\\Users\\Aasif\\Desktop\\Negociosgen\\vendor\\symfony\\console\\Application.php(266): Symfony\\Component\\Console\\Application->find('usuarios:verifi...')
#2 C:\\Users\\Aasif\\Desktop\\Negociosgen\\vendor\\symfony\\console\\Application.php(175): Symfony\\Component\\Console\\Application->doRun(Object(Symfony\\Component\\Console\\Input\\ArgvInput), Object(Symfony\\Component\\Console\\Output\\ConsoleOutput))
#3 C:\\Users\\Aasif\\Desktop\\Negociosgen\\vendor\\laravel\\framework\\src\\Illuminate\\Console\\Application.php(102): Symfony\\Component\\Console\\Application->run(Object(Symfony\\Component\\Console\\Input\\ArgvInput), Object(Symfony\\Component\\Console\\Output\\ConsoleOutput))
#4 C:\\Users\\Aasif\\Desktop\\Negociosgen\\vendor\\laravel\\framework\\src\\Illuminate\\Foundation\\Console\\Kernel.php(155): Illuminate\\Console\\Application->run(Object(Symfony\\Component\\Console\\Input\\ArgvInput), Object(Symfony\\Component\\Console\\Output\\ConsoleOutput))
#5 C:\\Users\\Aasif\\Desktop\\Negociosgen\\artisan(35): Illuminate\\Foundation\\Console\\Kernel->handle(Object(Symfony\\Component\\Console\\Input\\ArgvInput), Object(Symfony\\Component\\Console\\Output\\ConsoleOutput))
#6 {main}
"} 
[2024-12-04 03:38:20] local.ERROR: There are no commands defined in the "usuarios" namespace. {"exception":"[object] (Symfony\\Component\\Console\\Exception\\NamespaceNotFoundException(code: 0): There are no commands defined in the \"usuarios\" namespace. at C:\\Users\\Aasif\\Desktop\\Negociosgen\\vendor\\symfony\\console\\Application.php:669)
[stacktrace]
#0 C:\\Users\\Aasif\\Desktop\\Negociosgen\\vendor\\symfony\\console\\Application.php(720): Symfony\\Component\\Console\\Application->findNamespace('usuarios')
#1 C:\\Users\\Aasif\\Desktop\\Negociosgen\\vendor\\symfony\\console\\Application.php(266): Symfony\\Component\\Console\\Application->find('usuarios:verifi...')
#2 C:\\Users\\Aasif\\Desktop\\Negociosgen\\vendor\\symfony\\console\\Application.php(175): Symfony\\Component\\Console\\Application->doRun(Object(Symfony\\Component\\Console\\Input\\ArgvInput), Object(Symfony\\Component\\Console\\Output\\ConsoleOutput))
#3 C:\\Users\\Aasif\\Desktop\\Negociosgen\\vendor\\laravel\\framework\\src\\Illuminate\\Console\\Application.php(102): Symfony\\Component\\Console\\Application->run(Object(Symfony\\Component\\Console\\Input\\ArgvInput), Object(Symfony\\Component\\Console\\Output\\ConsoleOutput))
#4 C:\\Users\\Aasif\\Desktop\\Negociosgen\\vendor\\laravel\\framework\\src\\Illuminate\\Foundation\\Console\\Kernel.php(155): Illuminate\\Console\\Application->run(Object(Symfony\\Component\\Console\\Input\\ArgvInput), Object(Symfony\\Component\\Console\\Output\\ConsoleOutput))
#5 C:\\Users\\Aasif\\Desktop\\Negociosgen\\artisan(35): Illuminate\\Foundation\\Console\\Kernel->handle(Object(Symfony\\Component\\Console\\Input\\ArgvInput), Object(Symfony\\Component\\Console\\Output\\ConsoleOutput))
#6 {main}
"} 
